<?xml version="1.0" encoding="UTF-8"?>
<testng-results ignored="14" total="22" passed="6" failed="2" skipped="0">
  <reporter-output>
    <line>
      <![CDATA[productid is selected is not clickable]]>
    </line>
    <line>
      <![CDATA[Unable to click on productid is selected]]>
    </line>
    <line>
      <![CDATA[Unable to click on productid is selected]]>
    </line>
    <line>
      <![CDATA[Failed to close the Browser]]>
    </line>
  </reporter-output>
  <suite started-at="2024-04-03T13:30:26Z" name="Suite" finished-at="2024-04-03T13:51:46Z" duration-ms="1279325">
    <groups>
    </groups>
    <test started-at="2024-04-03T13:30:26Z" name="Test" finished-at="2024-04-03T13:51:46Z" duration-ms="1279325">
      <class name="com.demo.testscripts.Tracenetasset">
        <test-method is-config="true" signature="launchBrowser(java.lang.String, java.lang.reflect.Method)[pri:0, instance:com.demo.testscripts.Tracenetasset@782a4fff]" started-at="2024-04-03T13:37:08Z" name="launchBrowser" finished-at="2024-04-03T13:37:23Z" duration-ms="15023" status="PASS">
          <params>
            <param index="0">
              <value>
                <![CDATA[chrome]]>
              </value>
            </param>
            <param index="1">
              <value>
                <![CDATA[public void com.demo.testscripts.Tracenetasset.verifytraceassests() throws java.lang.InterruptedException]]>
              </value>
            </param>
          </params>
          <reporter-output>
          </reporter-output>
        </test-method> <!-- launchBrowser -->
        <test-method is-config="true" signature="setExtentReport()[pri:0, instance:com.demo.testscripts.Tracenetasset@782a4fff]" started-at="2024-04-03T13:37:08Z" name="setExtentReport" finished-at="2024-04-03T13:37:08Z" duration-ms="0" status="PASS">
          <reporter-output>
          </reporter-output>
        </test-method> <!-- setExtentReport -->
        <test-method signature="verifytraceassests()[pri:1, instance:com.demo.testscripts.Tracenetasset@782a4fff]" started-at="2024-04-03T13:37:23Z" name="verifytraceassests" description="Verify UI of the Sigin Page" finished-at="2024-04-03T13:38:44Z" duration-ms="81127" status="PASS">
          <reporter-output>
          </reporter-output>
        </test-method> <!-- verifytraceassests -->
        <test-method is-config="true" signature="browserclose()[pri:0, instance:com.demo.testscripts.Tracenetasset@782a4fff]" started-at="2024-04-03T13:38:44Z" name="browserclose" finished-at="2024-04-03T13:38:44Z" duration-ms="16" status="PASS">
          <reporter-output>
          </reporter-output>
        </test-method> <!-- browserclose -->
        <test-method is-config="true" signature="browserclose1()[pri:0, instance:com.demo.testscripts.Tracenetasset@782a4fff]" started-at="2024-04-03T13:38:44Z" name="browserclose1" finished-at="2024-04-03T13:38:45Z" duration-ms="724" status="PASS">
          <reporter-output>
          </reporter-output>
        </test-method> <!-- browserclose1 -->
      </class> <!-- com.demo.testscripts.Tracenetasset -->
      <class name="com.demo.testscripts.Tracenetworkmanagement">
        <test-method is-config="true" signature="setExtentReport()[pri:0, instance:com.demo.testscripts.Tracenetworkmanagement@30ed9c6c]" started-at="2024-04-03T13:34:25Z" name="setExtentReport" finished-at="2024-04-03T13:34:25Z" duration-ms="1" status="PASS">
          <reporter-output>
          </reporter-output>
        </test-method> <!-- setExtentReport -->
        <test-method is-config="true" signature="launchBrowser(java.lang.String, java.lang.reflect.Method)[pri:0, instance:com.demo.testscripts.Tracenetworkmanagement@30ed9c6c]" started-at="2024-04-03T13:34:25Z" name="launchBrowser" finished-at="2024-04-03T13:34:41Z" duration-ms="15306" status="PASS">
          <params>
            <param index="0">
              <value>
                <![CDATA[chrome]]>
              </value>
            </param>
            <param index="1">
              <value>
                <![CDATA[public void com.demo.testscripts.Tracenetworkmanagement.verifytracenwmgmt() throws java.lang.InterruptedException]]>
              </value>
            </param>
          </params>
          <reporter-output>
          </reporter-output>
        </test-method> <!-- launchBrowser -->
        <test-method signature="verifytracenwmgmt()[pri:1, instance:com.demo.testscripts.Tracenetworkmanagement@30ed9c6c]" started-at="2024-04-03T13:34:41Z" name="verifytracenwmgmt" description="Verify UI of the Sigin Page" finished-at="2024-04-03T13:37:07Z" duration-ms="146253" status="PASS">
          <reporter-output>
          </reporter-output>
        </test-method> <!-- verifytracenwmgmt -->
        <test-method is-config="true" signature="browserclose1()[pri:0, instance:com.demo.testscripts.Tracenetworkmanagement@30ed9c6c]" started-at="2024-04-03T13:37:07Z" name="browserclose1" finished-at="2024-04-03T13:37:08Z" duration-ms="536" status="PASS">
          <reporter-output>
          </reporter-output>
        </test-method> <!-- browserclose1 -->
        <test-method is-config="true" signature="browserclose()[pri:0, instance:com.demo.testscripts.Tracenetworkmanagement@30ed9c6c]" started-at="2024-04-03T13:37:07Z" name="browserclose" finished-at="2024-04-03T13:37:07Z" duration-ms="0" status="PASS">
          <reporter-output>
          </reporter-output>
        </test-method> <!-- browserclose -->
      </class> <!-- com.demo.testscripts.Tracenetworkmanagement -->
      <class name="com.demo.testscripts.Traceprocess">
        <test-method is-config="true" signature="setExtentReport()[pri:0, instance:com.demo.testscripts.Traceprocess@5ae81e1]" started-at="2024-04-03T13:44:09Z" name="setExtentReport" finished-at="2024-04-03T13:44:09Z" duration-ms="0" status="PASS">
          <reporter-output>
          </reporter-output>
        </test-method> <!-- setExtentReport -->
        <test-method is-config="true" signature="launchBrowser(java.lang.String, java.lang.reflect.Method)[pri:0, instance:com.demo.testscripts.Traceprocess@5ae81e1]" started-at="2024-04-03T13:44:09Z" name="launchBrowser" finished-at="2024-04-03T13:44:23Z" duration-ms="14290" status="PASS">
          <params>
            <param index="0">
              <value>
                <![CDATA[chrome]]>
              </value>
            </param>
            <param index="1">
              <value>
                <![CDATA[public void com.demo.testscripts.Traceprocess.verifytraceprocess() throws java.lang.InterruptedException,java.io.IOException]]>
              </value>
            </param>
          </params>
          <reporter-output>
          </reporter-output>
        </test-method> <!-- launchBrowser -->
        <test-method signature="verifytraceprocess()[pri:1, instance:com.demo.testscripts.Traceprocess@5ae81e1]" started-at="2024-04-03T13:44:23Z" name="verifytraceprocess" description="Verify UI of product Page" finished-at="2024-04-03T13:47:47Z" duration-ms="203722" status="PASS">
          <reporter-output>
          </reporter-output>
        </test-method> <!-- verifytraceprocess -->
        <test-method is-config="true" signature="browserclose()[pri:0, instance:com.demo.testscripts.Traceprocess@5ae81e1]" started-at="2024-04-03T13:47:47Z" name="browserclose" finished-at="2024-04-03T13:47:47Z" duration-ms="0" status="PASS">
          <reporter-output>
          </reporter-output>
        </test-method> <!-- browserclose -->
        <test-method is-config="true" signature="browserclose1()[pri:0, instance:com.demo.testscripts.Traceprocess@5ae81e1]" started-at="2024-04-03T13:47:47Z" name="browserclose1" finished-at="2024-04-03T13:47:48Z" duration-ms="660" status="PASS">
          <reporter-output>
          </reporter-output>
        </test-method> <!-- browserclose1 -->
      </class> <!-- com.demo.testscripts.Traceprocess -->
      <class name="com.demo.testscripts.Traceinfra">
        <test-method is-config="true" signature="setExtentReport()[pri:0, instance:com.demo.testscripts.Traceinfra@46c670a6]" started-at="2024-04-03T13:38:45Z" name="setExtentReport" finished-at="2024-04-03T13:38:45Z" duration-ms="0" status="PASS">
          <reporter-output>
          </reporter-output>
        </test-method> <!-- setExtentReport -->
        <test-method is-config="true" signature="launchBrowser(java.lang.String, java.lang.reflect.Method)[pri:0, instance:com.demo.testscripts.Traceinfra@46c670a6]" started-at="2024-04-03T13:38:45Z" name="launchBrowser" finished-at="2024-04-03T13:38:59Z" duration-ms="14030" status="PASS">
          <params>
            <param index="0">
              <value>
                <![CDATA[chrome]]>
              </value>
            </param>
            <param index="1">
              <value>
                <![CDATA[public void com.demo.testscripts.Traceinfra.verifytraceinfra() throws java.lang.InterruptedException]]>
              </value>
            </param>
          </params>
          <reporter-output>
          </reporter-output>
        </test-method> <!-- launchBrowser -->
        <test-method signature="verifytraceinfra()[pri:1, instance:com.demo.testscripts.Traceinfra@46c670a6]" started-at="2024-04-03T13:38:59Z" name="verifytraceinfra" description="Verify UI of the Sigin Page" finished-at="2024-04-03T13:40:11Z" duration-ms="71828" status="PASS">
          <reporter-output>
          </reporter-output>
        </test-method> <!-- verifytraceinfra -->
        <test-method is-config="true" signature="browserclose()[pri:0, instance:com.demo.testscripts.Traceinfra@46c670a6]" started-at="2024-04-03T13:40:11Z" name="browserclose" finished-at="2024-04-03T13:40:11Z" duration-ms="1" status="PASS">
          <reporter-output>
          </reporter-output>
        </test-method> <!-- browserclose -->
        <test-method is-config="true" signature="browserclose1()[pri:0, instance:com.demo.testscripts.Traceinfra@46c670a6]" started-at="2024-04-03T13:40:11Z" name="browserclose1" finished-at="2024-04-03T13:40:12Z" duration-ms="648" status="PASS">
          <reporter-output>
          </reporter-output>
        </test-method> <!-- browserclose1 -->
      </class> <!-- com.demo.testscripts.Traceinfra -->
      <class name="com.demo.testscripts.Traceproducts">
        <test-method is-config="true" signature="launchBrowser(java.lang.String, java.lang.reflect.Method)[pri:0, instance:com.demo.testscripts.Traceproducts@59fc684e]" started-at="2024-04-03T13:40:12Z" name="launchBrowser" finished-at="2024-04-03T13:40:26Z" duration-ms="14088" status="PASS">
          <params>
            <param index="0">
              <value>
                <![CDATA[chrome]]>
              </value>
            </param>
            <param index="1">
              <value>
                <![CDATA[public void com.demo.testscripts.Traceproducts.verifyproducts() throws java.lang.InterruptedException,java.io.IOException]]>
              </value>
            </param>
          </params>
          <reporter-output>
          </reporter-output>
        </test-method> <!-- launchBrowser -->
        <test-method is-config="true" signature="setExtentReport()[pri:0, instance:com.demo.testscripts.Traceproducts@59fc684e]" started-at="2024-04-03T13:40:12Z" name="setExtentReport" finished-at="2024-04-03T13:40:12Z" duration-ms="0" status="PASS">
          <reporter-output>
          </reporter-output>
        </test-method> <!-- setExtentReport -->
        <test-method signature="verifyproducts()[pri:1, instance:com.demo.testscripts.Traceproducts@59fc684e]" started-at="2024-04-03T13:40:26Z" name="verifyproducts" description="Verify UI of product Page" finished-at="2024-04-03T13:44:08Z" duration-ms="221943" status="PASS">
          <reporter-output>
          </reporter-output>
        </test-method> <!-- verifyproducts -->
        <test-method is-config="true" signature="browserclose()[pri:0, instance:com.demo.testscripts.Traceproducts@59fc684e]" started-at="2024-04-03T13:44:08Z" name="browserclose" finished-at="2024-04-03T13:44:08Z" duration-ms="6" status="PASS">
          <reporter-output>
          </reporter-output>
        </test-method> <!-- browserclose -->
        <test-method is-config="true" signature="browserclose1()[pri:0, instance:com.demo.testscripts.Traceproducts@59fc684e]" started-at="2024-04-03T13:44:08Z" name="browserclose1" finished-at="2024-04-03T13:44:09Z" duration-ms="1070" status="PASS">
          <reporter-output>
          </reporter-output>
        </test-method> <!-- browserclose1 -->
      </class> <!-- com.demo.testscripts.Traceproducts -->
      <class name="com.demo.testscripts.Tracetransaction">
        <test-method is-config="true" signature="launchBrowser(java.lang.String, java.lang.reflect.Method)[pri:0, instance:com.demo.testscripts.Tracetransaction@2fd1731c]" started-at="2024-04-03T13:47:48Z" name="launchBrowser" finished-at="2024-04-03T13:48:03Z" duration-ms="15584" status="PASS">
          <params>
            <param index="0">
              <value>
                <![CDATA[chrome]]>
              </value>
            </param>
            <param index="1">
              <value>
                <![CDATA[public void com.demo.testscripts.Tracetransaction.verifytracetransaction() throws java.lang.InterruptedException,java.io.IOException]]>
              </value>
            </param>
          </params>
          <reporter-output>
          </reporter-output>
        </test-method> <!-- launchBrowser -->
        <test-method is-config="true" signature="setExtentReport()[pri:0, instance:com.demo.testscripts.Tracetransaction@2fd1731c]" started-at="2024-04-03T13:47:48Z" name="setExtentReport" finished-at="2024-04-03T13:47:48Z" duration-ms="0" status="PASS">
          <reporter-output>
          </reporter-output>
        </test-method> <!-- setExtentReport -->
        <test-method signature="verifytracetransaction()[pri:1, instance:com.demo.testscripts.Tracetransaction@2fd1731c]" started-at="2024-04-03T13:48:03Z" name="verifytracetransaction" description="Verify UI of product Page" finished-at="2024-04-03T13:51:45Z" duration-ms="221421" status="FAIL">
          <exception class="org.openqa.selenium.TimeoutException">
            <message>
              <![CDATA[Expected condition failed: waiting for element to be clickable: Proxy element for: DefaultElementLocator 'By.xpath: //*[@id='prod_id_undefined']' (tried for 30 second(s) with 500 milliseconds interval)]]>
            </message>
            <full-stacktrace>
              <![CDATA[org.openqa.selenium.TimeoutException: Expected condition failed: waiting for element to be clickable: Proxy element for: DefaultElementLocator 'By.xpath: //*[@id='prod_id_undefined']' (tried for 30 second(s) with 500 milliseconds interval)
at org.openqa.selenium.support.ui.WebDriverWait.timeoutException(WebDriverWait.java:95)
at org.openqa.selenium.support.ui.FluentWait.until(FluentWait.java:272)
at com.demo.util.WebActionUtil.clickOnElement(WebActionUtil.java:983)
at com.demo.pages.Tracetransaction.transactionagg(Tracetransaction.java:385)
at com.demo.testscripts.Tracetransaction.verifytracetransaction(Tracetransaction.java:34)
at java.base/jdk.internal.reflect.DirectMethodHandleAccessor.invoke(DirectMethodHandleAccessor.java:103)
at java.base/java.lang.reflect.Method.invoke(Method.java:580)
at org.testng.internal.MethodInvocationHelper.invokeMethod(MethodInvocationHelper.java:124)
at org.testng.internal.Invoker.invokeMethod(Invoker.java:583)
at org.testng.internal.Invoker.invokeTestMethod(Invoker.java:719)
at org.testng.internal.Invoker.invokeTestMethods(Invoker.java:989)
at org.testng.internal.TestMethodWorker.invokeTestMethods(TestMethodWorker.java:125)
at org.testng.internal.TestMethodWorker.run(TestMethodWorker.java:109)
at org.testng.TestRunner.privateRun(TestRunner.java:648)
at org.testng.TestRunner.run(TestRunner.java:505)
at org.testng.SuiteRunner.runTest(SuiteRunner.java:455)
at org.testng.SuiteRunner.runSequentially(SuiteRunner.java:450)
at org.testng.SuiteRunner.privateRun(SuiteRunner.java:415)
at org.testng.SuiteRunner.run(SuiteRunner.java:364)
at org.testng.SuiteRunnerWorker.runSuite(SuiteRunnerWorker.java:52)
at org.testng.SuiteRunnerWorker.run(SuiteRunnerWorker.java:84)
at org.testng.TestNG.runSuitesSequentially(TestNG.java:1208)
at org.testng.TestNG.runSuitesLocally(TestNG.java:1137)
at org.testng.TestNG.runSuites(TestNG.java:1049)
at org.testng.TestNG.run(TestNG.java:1017)
at org.testng.remote.AbstractRemoteTestNG.run(AbstractRemoteTestNG.java:115)
at org.testng.remote.RemoteTestNG.initAndRun(RemoteTestNG.java:251)
at org.testng.remote.RemoteTestNG.main(RemoteTestNG.java:77)
Caused by: org.openqa.selenium.NoSuchElementException: no such element: Unable to locate element: {"method":"xpath","selector":"//*[@id='prod_id_undefined']"}
  (Session info: chrome=123.0.6312.60)
For documentation on this error, please visit: https://www.seleniumhq.org/exceptions/no_such_element.html
Build info: version: '3.141.59', revision: 'e82be7d358', time: '2018-11-14T08:17:03'
System info: host: 'PARAMOUNT-151', ip: '192.168.29.169', os.name: 'Windows 11', os.arch: 'amd64', os.version: '10.0', java.version: '21.0.2'
Driver info: org.openqa.selenium.chrome.ChromeDriver
Capabilities {acceptInsecureCerts: false, browserName: chrome, browserVersion: 123.0.6312.60, chrome: {chromedriverVersion: 123.0.6312.86 (9b72c47a0536..., userDataDir: C:\Users\DEEPTI~1\AppData\L...}, fedcm:accounts: true, goog:chromeOptions: {debuggerAddress: localhost:56335}, javascriptEnabled: true, networkConnectionEnabled: false, pageLoadStrategy: normal, platform: WINDOWS, platformName: WINDOWS, proxy: Proxy(), setWindowRect: true, strictFileInteractability: false, timeouts: {implicit: 0, pageLoad: 300000, script: 30000}, unhandledPromptBehavior: dismiss and notify, webauthn:extension:credBlob: true, webauthn:extension:largeBlob: true, webauthn:extension:minPinLength: true, webauthn:extension:prf: true, webauthn:virtualAuthenticators: true}
Session ID: 709034697600dc164589f8aff371c48d
*** Element info: {Using=xpath, value=//*[@id='prod_id_undefined']}
at java.base/jdk.internal.reflect.DirectConstructorHandleAccessor.newInstance(DirectConstructorHandleAccessor.java:62)
at java.base/java.lang.reflect.Constructor.newInstanceWithCaller(Constructor.java:502)
at java.base/java.lang.reflect.Constructor.newInstance(Constructor.java:486)
at org.openqa.selenium.remote.http.W3CHttpResponseCodec.createException(W3CHttpResponseCodec.java:187)
at org.openqa.selenium.remote.http.W3CHttpResponseCodec.decode(W3CHttpResponseCodec.java:122)
at org.openqa.selenium.remote.http.W3CHttpResponseCodec.decode(W3CHttpResponseCodec.java:49)
at org.openqa.selenium.remote.HttpCommandExecutor.execute(HttpCommandExecutor.java:158)
at org.openqa.selenium.remote.service.DriverCommandExecutor.execute(DriverCommandExecutor.java:83)
at org.openqa.selenium.remote.RemoteWebDriver.execute(RemoteWebDriver.java:552)
at org.openqa.selenium.remote.RemoteWebDriver.findElement(RemoteWebDriver.java:323)
at org.openqa.selenium.remote.RemoteWebDriver.findElementByXPath(RemoteWebDriver.java:428)
at org.openqa.selenium.By$ByXPath.findElement(By.java:353)
at org.openqa.selenium.remote.RemoteWebDriver.findElement(RemoteWebDriver.java:315)
at org.openqa.selenium.support.pagefactory.DefaultElementLocator.findElement(DefaultElementLocator.java:69)
at org.openqa.selenium.support.pagefactory.internal.LocatingElementHandler.invoke(LocatingElementHandler.java:38)
at jdk.proxy2/jdk.proxy2.$Proxy32.isDisplayed(Unknown Source)
at org.openqa.selenium.support.ui.ExpectedConditions.elementIfVisible(ExpectedConditions.java:314)
at org.openqa.selenium.support.ui.ExpectedConditions.access$000(ExpectedConditions.java:43)
at org.openqa.selenium.support.ui.ExpectedConditions$10.apply(ExpectedConditions.java:300)
at org.openqa.selenium.support.ui.ExpectedConditions$10.apply(ExpectedConditions.java:297)
at org.openqa.selenium.support.ui.ExpectedConditions$23.apply(ExpectedConditions.java:670)
at org.openqa.selenium.support.ui.ExpectedConditions$23.apply(ExpectedConditions.java:666)
at org.openqa.selenium.support.ui.FluentWait.until(FluentWait.java:249)
... 26 more
]]>
            </full-stacktrace>
          </exception> <!-- org.openqa.selenium.TimeoutException -->
          <reporter-output>
            <line>
              <![CDATA[productid is selected is not clickable]]>
            </line>
            <line>
              <![CDATA[Unable to click on productid is selected]]>
            </line>
            <line>
              <![CDATA[Unable to click on productid is selected]]>
            </line>
          </reporter-output>
        </test-method> <!-- verifytracetransaction -->
        <test-method is-config="true" signature="browserclose()[pri:0, instance:com.demo.testscripts.Tracetransaction@2fd1731c]" started-at="2024-04-03T13:51:45Z" name="browserclose" finished-at="2024-04-03T13:51:45Z" duration-ms="15" status="PASS">
          <reporter-output>
          </reporter-output>
        </test-method> <!-- browserclose -->
        <test-method is-config="true" signature="browserclose1()[pri:0, instance:com.demo.testscripts.Tracetransaction@2fd1731c]" started-at="2024-04-03T13:51:45Z" name="browserclose1" finished-at="2024-04-03T13:51:46Z" duration-ms="551" status="PASS">
          <reporter-output>
          </reporter-output>
        </test-method> <!-- browserclose1 -->
      </class> <!-- com.demo.testscripts.Tracetransaction -->
      <class name="com.demo.testscripts.Tracedashboard">
        <test-method is-config="true" signature="launchBrowser(java.lang.String, java.lang.reflect.Method)[pri:0, instance:com.demo.testscripts.Tracedashboard@53499d85]" started-at="2024-04-03T13:33:06Z" name="launchBrowser" finished-at="2024-04-03T13:33:23Z" duration-ms="16527" status="PASS">
          <params>
            <param index="0">
              <value>
                <![CDATA[chrome]]>
              </value>
            </param>
            <param index="1">
              <value>
                <![CDATA[public void com.demo.testscripts.Tracedashboard.verifytracedashbaord() throws java.lang.InterruptedException]]>
              </value>
            </param>
          </params>
          <reporter-output>
          </reporter-output>
        </test-method> <!-- launchBrowser -->
        <test-method is-config="true" signature="setExtentReport()[pri:0, instance:com.demo.testscripts.Tracedashboard@53499d85]" started-at="2024-04-03T13:33:06Z" name="setExtentReport" finished-at="2024-04-03T13:33:06Z" duration-ms="0" status="PASS">
          <reporter-output>
          </reporter-output>
        </test-method> <!-- setExtentReport -->
        <test-method signature="verifytracedashbaord()[pri:1, instance:com.demo.testscripts.Tracedashboard@53499d85]" started-at="2024-04-03T13:33:23Z" name="verifytracedashbaord" description="Verify UI of the Sigin Page" finished-at="2024-04-03T13:34:25Z" duration-ms="61763" status="PASS">
          <reporter-output>
          </reporter-output>
        </test-method> <!-- verifytracedashbaord -->
        <test-method is-config="true" signature="browserclose()[pri:0, instance:com.demo.testscripts.Tracedashboard@53499d85]" started-at="2024-04-03T13:34:25Z" name="browserclose" finished-at="2024-04-03T13:34:25Z" duration-ms="16" status="PASS">
          <reporter-output>
          </reporter-output>
        </test-method> <!-- browserclose -->
        <test-method is-config="true" signature="browserclose1()[pri:0, instance:com.demo.testscripts.Tracedashboard@53499d85]" started-at="2024-04-03T13:34:25Z" name="browserclose1" finished-at="2024-04-03T13:34:25Z" duration-ms="526" status="PASS">
          <reporter-output>
          </reporter-output>
        </test-method> <!-- browserclose1 -->
      </class> <!-- com.demo.testscripts.Tracedashboard -->
      <class name="com.demo.testscripts.Tracesignuppage">
        <test-method is-config="true" signature="createFolder()[pri:0, instance:com.demo.testscripts.Tracesignuppage@64712be]" started-at="2024-04-03T13:30:26Z" name="createFolder" finished-at="2024-04-03T13:30:26Z" duration-ms="108" status="PASS">
          <reporter-output>
          </reporter-output>
        </test-method> <!-- createFolder -->
        <test-method is-config="true" signature="setExtentReport()[pri:0, instance:com.demo.testscripts.Tracesignuppage@64712be]" started-at="2024-04-03T13:30:26Z" name="setExtentReport" finished-at="2024-04-03T13:30:26Z" duration-ms="9" status="PASS">
          <reporter-output>
          </reporter-output>
        </test-method> <!-- setExtentReport -->
        <test-method is-config="true" signature="launchBrowser(java.lang.String, java.lang.reflect.Method)[pri:0, instance:com.demo.testscripts.Tracesignuppage@64712be]" started-at="2024-04-03T13:30:26Z" name="launchBrowser" finished-at="2024-04-03T13:30:47Z" duration-ms="20260" status="PASS">
          <params>
            <param index="0">
              <value>
                <![CDATA[chrome]]>
              </value>
            </param>
            <param index="1">
              <value>
                <![CDATA[public void com.demo.testscripts.Tracesignuppage.verifysignin() throws java.lang.InterruptedException]]>
              </value>
            </param>
          </params>
          <reporter-output>
          </reporter-output>
        </test-method> <!-- launchBrowser -->
        <test-method signature="verifysignin()[pri:1, instance:com.demo.testscripts.Tracesignuppage@64712be]" started-at="2024-04-03T13:30:47Z" name="verifysignin" description="Verify UI of the Sigin Page" finished-at="2024-04-03T13:33:06Z" duration-ms="138978" status="FAIL">
          <exception class="org.openqa.selenium.ElementClickInterceptedException">
            <message>
              <![CDATA[element click intercepted: Element <div class="modal-dialog CustomModal_modalDialog__TxXas MyAccount_dialogCss__8K4Qc  undefined undefined">...</div> is not clickable at point (637, 266). Other element would receive the click: <h5>...</h5>
  (Session info: chrome=123.0.6312.60)
Build info: version: '3.141.59', revision: 'e82be7d358', time: '2018-11-14T08:17:03'
System info: host: 'PARAMOUNT-151', ip: '192.168.29.169', os.name: 'Windows 11', os.arch: 'amd64', os.version: '10.0', java.version: '21.0.2'
Driver info: org.openqa.selenium.chrome.ChromeDriver
Capabilities {acceptInsecureCerts: false, browserName: chrome, browserVersion: 123.0.6312.60, chrome: {chromedriverVersion: 123.0.6312.86 (9b72c47a0536..., userDataDir: C:\Users\DEEPTI~1\AppData\L...}, fedcm:accounts: true, goog:chromeOptions: {debuggerAddress: localhost:54213}, javascriptEnabled: true, networkConnectionEnabled: false, pageLoadStrategy: normal, platform: WINDOWS, platformName: WINDOWS, proxy: Proxy(), setWindowRect: true, strictFileInteractability: false, timeouts: {implicit: 0, pageLoad: 300000, script: 30000}, unhandledPromptBehavior: dismiss and notify, webauthn:extension:credBlob: true, webauthn:extension:largeBlob: true, webauthn:extension:minPinLength: true, webauthn:extension:prf: true, webauthn:virtualAuthenticators: true}
Session ID: 65e8716c64126f00c7c8e1184db0e6c9]]>
            </message>
            <full-stacktrace>
              <![CDATA[org.openqa.selenium.ElementClickInterceptedException: element click intercepted: Element <div class="modal-dialog CustomModal_modalDialog__TxXas MyAccount_dialogCss__8K4Qc  undefined undefined">...</div> is not clickable at point (637, 266). Other element would receive the click: <h5>...</h5>
  (Session info: chrome=123.0.6312.60)
Build info: version: '3.141.59', revision: 'e82be7d358', time: '2018-11-14T08:17:03'
System info: host: 'PARAMOUNT-151', ip: '192.168.29.169', os.name: 'Windows 11', os.arch: 'amd64', os.version: '10.0', java.version: '21.0.2'
Driver info: org.openqa.selenium.chrome.ChromeDriver
Capabilities {acceptInsecureCerts: false, browserName: chrome, browserVersion: 123.0.6312.60, chrome: {chromedriverVersion: 123.0.6312.86 (9b72c47a0536..., userDataDir: C:\Users\DEEPTI~1\AppData\L...}, fedcm:accounts: true, goog:chromeOptions: {debuggerAddress: localhost:54213}, javascriptEnabled: true, networkConnectionEnabled: false, pageLoadStrategy: normal, platform: WINDOWS, platformName: WINDOWS, proxy: Proxy(), setWindowRect: true, strictFileInteractability: false, timeouts: {implicit: 0, pageLoad: 300000, script: 30000}, unhandledPromptBehavior: dismiss and notify, webauthn:extension:credBlob: true, webauthn:extension:largeBlob: true, webauthn:extension:minPinLength: true, webauthn:extension:prf: true, webauthn:virtualAuthenticators: true}
Session ID: 65e8716c64126f00c7c8e1184db0e6c9
at java.base/jdk.internal.reflect.DirectConstructorHandleAccessor.newInstance(DirectConstructorHandleAccessor.java:62)
at java.base/java.lang.reflect.Constructor.newInstanceWithCaller(Constructor.java:502)
at java.base/java.lang.reflect.Constructor.newInstance(Constructor.java:486)
at org.openqa.selenium.remote.http.W3CHttpResponseCodec.createException(W3CHttpResponseCodec.java:187)
at org.openqa.selenium.remote.http.W3CHttpResponseCodec.decode(W3CHttpResponseCodec.java:122)
at org.openqa.selenium.remote.http.W3CHttpResponseCodec.decode(W3CHttpResponseCodec.java:49)
at org.openqa.selenium.remote.HttpCommandExecutor.execute(HttpCommandExecutor.java:158)
at org.openqa.selenium.remote.service.DriverCommandExecutor.execute(DriverCommandExecutor.java:83)
at org.openqa.selenium.remote.RemoteWebDriver.execute(RemoteWebDriver.java:552)
at org.openqa.selenium.remote.RemoteWebElement.execute(RemoteWebElement.java:285)
at org.openqa.selenium.remote.RemoteWebElement.click(RemoteWebElement.java:84)
at java.base/jdk.internal.reflect.DirectMethodHandleAccessor.invoke(DirectMethodHandleAccessor.java:103)
at java.base/java.lang.reflect.Method.invoke(Method.java:580)
at org.openqa.selenium.support.pagefactory.internal.LocatingElementHandler.invoke(LocatingElementHandler.java:51)
at jdk.proxy2/jdk.proxy2.$Proxy32.click(Unknown Source)
at com.demo.util.WebActionUtil.clickOnElement(WebActionUtil.java:976)
at com.demo.pages.Tracesignuppage.networkmanagment(Tracesignuppage.java:312)
at com.demo.testscripts.Tracesignuppage.verifysignin(Tracesignuppage.java:33)
at java.base/jdk.internal.reflect.DirectMethodHandleAccessor.invoke(DirectMethodHandleAccessor.java:103)
at java.base/java.lang.reflect.Method.invoke(Method.java:580)
at org.testng.internal.MethodInvocationHelper.invokeMethod(MethodInvocationHelper.java:124)
at org.testng.internal.Invoker.invokeMethod(Invoker.java:583)
at org.testng.internal.Invoker.invokeTestMethod(Invoker.java:719)
at org.testng.internal.Invoker.invokeTestMethods(Invoker.java:989)
at org.testng.internal.TestMethodWorker.invokeTestMethods(TestMethodWorker.java:125)
at org.testng.internal.TestMethodWorker.run(TestMethodWorker.java:109)
at org.testng.TestRunner.privateRun(TestRunner.java:648)
at org.testng.TestRunner.run(TestRunner.java:505)
at org.testng.SuiteRunner.runTest(SuiteRunner.java:455)
at org.testng.SuiteRunner.runSequentially(SuiteRunner.java:450)
at org.testng.SuiteRunner.privateRun(SuiteRunner.java:415)
at org.testng.SuiteRunner.run(SuiteRunner.java:364)
at org.testng.SuiteRunnerWorker.runSuite(SuiteRunnerWorker.java:52)
at org.testng.SuiteRunnerWorker.run(SuiteRunnerWorker.java:84)
at org.testng.TestNG.runSuitesSequentially(TestNG.java:1208)
at org.testng.TestNG.runSuitesLocally(TestNG.java:1137)
at org.testng.TestNG.runSuites(TestNG.java:1049)
at org.testng.TestNG.run(TestNG.java:1017)
at org.testng.remote.AbstractRemoteTestNG.run(AbstractRemoteTestNG.java:115)
at org.testng.remote.RemoteTestNG.initAndRun(RemoteTestNG.java:251)
at org.testng.remote.RemoteTestNG.main(RemoteTestNG.java:77)
]]>
            </full-stacktrace>
          </exception> <!-- org.openqa.selenium.ElementClickInterceptedException -->
          <reporter-output>
          </reporter-output>
        </test-method> <!-- verifysignin -->
        <test-method is-config="true" signature="browserclose()[pri:0, instance:com.demo.testscripts.Tracesignuppage@64712be]" started-at="2024-04-03T13:33:06Z" name="browserclose" finished-at="2024-04-03T13:33:06Z" duration-ms="15" status="PASS">
          <reporter-output>
          </reporter-output>
        </test-method> <!-- browserclose -->
        <test-method is-config="true" signature="browserclose1()[pri:0, instance:com.demo.testscripts.Tracesignuppage@64712be]" started-at="2024-04-03T13:33:06Z" name="browserclose1" finished-at="2024-04-03T13:33:06Z" duration-ms="558" status="PASS">
          <reporter-output>
          </reporter-output>
        </test-method> <!-- browserclose1 -->
        <test-method is-config="true" signature="killTask(java.lang.String)[pri:0, instance:com.demo.testscripts.Tracesignuppage@64712be]" started-at="2024-04-03T13:51:47Z" name="killTask" finished-at="2024-04-03T13:51:47Z" duration-ms="15" status="PASS">
          <params>
            <param index="0">
              <value>
                <![CDATA[chrome]]>
              </value>
            </param>
          </params>
          <reporter-output>
            <line>
              <![CDATA[Failed to close the Browser]]>
            </line>
          </reporter-output>
        </test-method> <!-- killTask -->
      </class> <!-- com.demo.testscripts.Tracesignuppage -->
    </test> <!-- Test -->
  </suite> <!-- Suite -->
</testng-results>
