<?xml version="1.0" encoding="UTF-8"?>
<!-- Generated by org.testng.reporters.JUnitReportReporter -->
<testsuite hostname="Paramount-151" failures="0" tests="1" name="com.demo.testscripts.Traceprocessmanufacturersharedscen2" time="332.729" errors="0" timestamp="16 Dec 2024 11:48:00 GMT" skipped="0">
  <testcase classname="com.demo.testscripts.Traceprocessmanufacturersharedscen2" name="verifytraceprocess" time="332.729"/>
</testsuite> <!-- com.demo.testscripts.Traceprocessmanufacturersharedscen2 -->
