<?xml version="1.0" encoding="UTF-8"?>
<!-- Generated by org.testng.reporters.JUnitReportReporter -->
<testsuite hostname="Paramount-151" failures="0" tests="1" name="com.demo.testscripts.Tracetransactionmanufacturesharedscen4" time="231.376" errors="0" timestamp="09 Aug 2024 13:36:42 GMT" skipped="0">
  <testcase classname="com.demo.testscripts.Tracetransactionmanufacturesharedscen4" name="verifytracetransaction" time="231.376"/>
</testsuite> <!-- com.demo.testscripts.Tracetransactionmanufacturesharedscen4 -->
