<?xml version="1.0" encoding="UTF-8"?>
<!-- Generated by org.testng.reporters.JUnitReportReporter -->
<testsuite hostname="Paramount112" failures="0" tests="1" name="com.demo.testscripts.Tracetransactionmanufactureshared" time="209.193" errors="0" timestamp="15 Jan 2025 10:55:20 GMT" skipped="0">
  <testcase classname="com.demo.testscripts.Tracetransactionmanufactureshared" name="verifytracetransaction" time="209.193"/>
</testsuite> <!-- com.demo.testscripts.Tracetransactionmanufactureshared -->
