<?xml version="1.0" encoding="UTF-8"?>
<!-- Generated by org.testng.reporters.JUnitReportReporter -->
<testsuite hostname="Paramount-151" failures="0" tests="1" name="com.demo.testscripts.Tracetransactionmanufactureshared" time="218.662" errors="0" timestamp="16 Dec 2024 11:48:00 GMT" skipped="0">
  <testcase classname="com.demo.testscripts.Tracetransactionmanufactureshared" name="verifytracetransaction" time="218.662"/>
</testsuite> <!-- com.demo.testscripts.Tracetransactionmanufactureshared -->
